<?xml version="1.0" encoding="UTF-8"?>
<testng-results ignored="0" total="1" passed="1" failed="0" skipped="0">
  <reporter-output>
  </reporter-output>
  <suite started-at="2021-01-21T00:08:38Z" name="websparks" finished-at="2021-01-21T00:09:12Z" duration-ms="33610">
    <groups>
      <group name="Authenticated">
        <method signature="TestTodoLists.testAuthenticatedAddingAndRemovingTodoLists()[pri:0, instance:com.websparks.tests.TestTodoLists@a9cd3b1]" name="testAuthenticatedAddingAndRemovingTodoLists" class="com.websparks.tests.TestTodoLists"/>
      </group> <!-- Authenticated -->
      <group name="TodoLists">
        <method signature="TestTodoLists.testAuthenticatedAddingAndRemovingTodoLists()[pri:0, instance:com.websparks.tests.TestTodoLists@a9cd3b1]" name="testAuthenticatedAddingAndRemovingTodoLists" class="com.websparks.tests.TestTodoLists"/>
      </group> <!-- TodoLists -->
    </groups>
    <test started-at="2021-01-21T00:08:38Z" name="WebDesk-SmokeTest" finished-at="2021-01-21T00:09:12Z" duration-ms="33610">
      <class name="com.websparks.tests.TestTodoLists">
        <test-method is-config="true" signature="beforeSuite()[pri:0, instance:com.websparks.tests.TestTodoLists@a9cd3b1]" started-at="2021-01-21T00:08:32Z" name="beforeSuite" finished-at="2021-01-21T00:08:38Z" duration-ms="6120" status="PASS">
          <reporter-output>
          </reporter-output>
        </test-method> <!-- beforeSuite -->
        <test-method signature="testAuthenticatedAddingAndRemovingTodoLists()[pri:0, instance:com.websparks.tests.TestTodoLists@a9cd3b1]" started-at="2021-01-21T00:08:38Z" name="testAuthenticatedAddingAndRemovingTodoLists" description="WSS-13108 - Todo Lists: Authenticated | Adding and removing lists" finished-at="2021-01-21T00:09:12Z" duration-ms="33591" status="PASS">
          <reporter-output>
          </reporter-output>
        </test-method> <!-- testAuthenticatedAddingAndRemovingTodoLists -->
        <test-method is-config="true" signature="afterSuite()[pri:0, instance:com.websparks.tests.TestTodoLists@a9cd3b1]" started-at="2021-01-21T00:09:12Z" name="afterSuite" finished-at="2021-01-21T00:09:17Z" duration-ms="4908" status="PASS">
          <reporter-output>
          </reporter-output>
        </test-method> <!-- afterSuite -->
      </class> <!-- com.websparks.tests.TestTodoLists -->
    </test> <!-- WebDesk-SmokeTest -->
  </suite> <!-- websparks -->
</testng-results>
